Log file open, 06/22/18 16:51:36
LogWindows: Failed to load 'aqProf.dll' (GetLastError=126)
LogWindows: File 'aqProf.dll' does not exist
LogWindows: Failed to load 'VtuneApi.dll' (GetLastError=126)
LogWindows: File 'VtuneApi.dll' does not exist
LogWindows: Failed to load 'VtuneApi32e.dll' (GetLastError=126)
LogWindows: File 'VtuneApi32e.dll' does not exist
LogInit: Display: Running engine for game: ProceduralMeshes
LogPlatformFile: Not using cached read wrapper
LogInit: Display: RandInit(-1167210939) SRandInit(-1167210939).
LogInit: Read version file with build ID '3944462'
LogInit: Overriding engine version to CL 4033788, compatible CL 3944462
LogInit: Registered custom module enumerator with build ID '3944462'
LogTaskGraph: Started task graph with 5 named threads and 23 total threads with 3 sets of task threads.
LogStats: Stats thread started at 0.397132
LogD3D11RHI: Aftermath initialized
LogICUInternationalization: Display: ICU TimeZone Detection - Raw Offset: +1:00, Platform Override: ''
LogPluginManager: Mounting plugin Paper2D
LogPluginManager: Mounting plugin LiveLink
LogPluginManager: Mounting plugin LightPropagationVolume
LogPluginManager: Mounting plugin CLionSourceCodeAccess
LogPluginManager: Mounting plugin CodeLiteSourceCodeAccess
LogPluginManager: Mounting plugin GitSourceControl
LogPluginManager: Mounting plugin KDevelopSourceCodeAccess
LogPluginManager: Mounting plugin NullSourceCodeAccess
LogPluginManager: Mounting plugin PerforceSourceControl
LogPluginManager: Mounting plugin SubversionSourceControl
LogPluginManager: Mounting plugin UObjectPlugin
LogPluginManager: Mounting plugin VisualStudioCodeSourceCodeAccess
LogPluginManager: Mounting plugin VisualStudioSourceCodeAccess
LogPluginManager: Mounting plugin XCodeSourceCodeAccess
LogPluginManager: Mounting plugin AssetManagerEditor
LogPluginManager: Mounting plugin CryptoKeys
LogPluginManager: Mounting plugin DataValidation
LogPluginManager: Mounting plugin FacialAnimation
LogPluginManager: Mounting plugin GameplayTagsEditor
LogPluginManager: Mounting plugin MobileLauncherProfileWizard
LogPluginManager: Mounting plugin PluginBrowser
LogPluginManager: Mounting plugin SpeedTreeImporter
LogPluginManager: Mounting plugin DatasmithContent
LogPluginManager: Mounting plugin AlembicImporter
LogPluginManager: Mounting plugin CharacterAI
LogPluginManager: Mounting plugin HTML5Networking
LogPluginManager: Mounting plugin AndroidMedia
LogPluginManager: Mounting plugin AvfMedia
LogPluginManager: Mounting plugin ImgMedia
LogPluginManager: Mounting plugin LinearTimecode
LogPluginManager: Mounting plugin MediaCompositing
LogPluginManager: Mounting plugin MediaPlayerEditor
LogPluginManager: Mounting plugin WmfMedia
LogPluginManager: Mounting plugin TcpMessaging
LogPluginManager: Mounting plugin UdpMessaging
LogPluginManager: Mounting plugin ActorSequence
LogPluginManager: Mounting plugin LevelSequenceEditor
LogPluginManager: Mounting plugin MatineeToLevelSequence
LogPluginManager: Mounting plugin NetcodeUnitTest
LogPluginManager: Mounting plugin NUTUnrealEngine4
LogPluginManager: Mounting plugin OnlineSubsystemGooglePlay
LogPluginManager: Mounting plugin OnlineSubsystemIOS
LogPluginManager: Mounting plugin OnlineSubsystem
LogPluginManager: Mounting plugin OnlineSubsystemNull
LogPluginManager: Mounting plugin OnlineSubsystemUtils
LogPluginManager: Mounting plugin AndroidDeviceProfileSelector
LogPluginManager: Mounting plugin AndroidMoviePlayer
LogPluginManager: Mounting plugin AndroidPermission
LogPluginManager: Mounting plugin AppleARKit
LogPluginManager: Mounting plugin AppleMoviePlayer
LogPluginManager: Mounting plugin ArchVisCharacter
LogPluginManager: Mounting plugin AudioCapture
LogPluginManager: Mounting plugin CableComponent
LogPluginManager: Mounting plugin CustomMeshComponent
LogPluginManager: Mounting plugin ExampleDeviceProfileSelector
LogPluginManager: Mounting plugin GoogleCloudMessaging
LogPluginManager: Mounting plugin ImmediatePhysics
LogPluginManager: Mounting plugin IOSDeviceProfileSelector
LogPluginManager: Mounting plugin LinuxDeviceProfileSelector
LogPluginManager: Mounting plugin LocationServicesBPLibrary
LogPluginManager: Mounting plugin MobilePatchingUtils
LogPluginManager: Mounting plugin OculusVR
LogPluginManager: Plugin shader directory ../../../Engine/Plugins/Runtime/Oculus/OculusVR/Shaders found
LogPluginManager: Mapping shader source directory ../../../Engine/Plugins/Runtime/Oculus/OculusVR/Shaders to virtual directory /Plugin/OculusVR
LogPluginManager: Mounting plugin PhysXVehicles
LogPluginManager: Mounting plugin ProceduralMeshComponent
LogPluginManager: Mounting plugin RuntimePhysXCooking
LogPluginManager: Mounting plugin SteamVR
LogPluginManager: Mounting plugin WindowsMoviePlayer
LogStreaming: Display: Took  0.134s to configure plugins.
LogModuleManager: Display: Found up-to-date module file C:/Stuff/ProceduralMehses/ProceduralMeshesUE4/ProceduralMeshes/Binaries/Win64/UE4Editor-ProceduralMeshes.dll (API version 3944462).
LogModuleManager: Display: Found up-to-date module file ../../../Engine/Plugins/2D/Paper2D/Binaries/Win64/UE4Editor-Paper2D.dll (API version 3944462).
LogModuleManager: Display: Found up-to-date module file ../../../Engine/Plugins/2D/Paper2D/Binaries/Win64/UE4Editor-Paper2DEditor.dll (API version 3944462).
LogModuleManager: Display: Found up-to-date module file ../../../Engine/Plugins/2D/Paper2D/Binaries/Win64/UE4Editor-PaperSpriteSheetImporter.dll (API version 3944462).
LogModuleManager: Display: Found up-to-date module file ../../../Engine/Plugins/2D/Paper2D/Binaries/Win64/UE4Editor-PaperTiledImporter.dll (API version 3944462).
LogModuleManager: Display: Found up-to-date module file ../../../Engine/Plugins/2D/Paper2D/Binaries/Win64/UE4Editor-SmartSnapping.dll (API version 3944462).
LogModuleManager: Display: Found up-to-date module file ../../../Engine/Plugins/Animation/LiveLink/Binaries/Win64/UE4Editor-LiveLink.dll (API version 3944462).
LogModuleManager: Display: Found up-to-date module file ../../../Engine/Plugins/Animation/LiveLink/Binaries/Win64/UE4Editor-LiveLinkEditor.dll (API version 3944462).
LogModuleManager: Display: Found up-to-date module file ../../../Engine/Plugins/Blendables/LightPropagationVolume/Binaries/Win64/UE4Editor-LightPropagationVolumeRuntime.dll (API version 3944462).
LogModuleManager: Display: Found up-to-date module file ../../../Engine/Plugins/Blendables/LightPropagationVolume/Binaries/Win64/UE4Editor-LightPropagationVolumeEditor.dll (API version 3944462).
LogModuleManager: Display: Found up-to-date module file ../../../Engine/Plugins/Developer/CLionSourceCodeAccess/Binaries/Win64/UE4Editor-CLionSourceCodeAccess.dll (API version 3944462).
LogModuleManager: Display: Found up-to-date module file ../../../Engine/Plugins/Developer/GitSourceControl/Binaries/Win64/UE4Editor-GitSourceControl.dll (API version 3944462).
LogModuleManager: Display: Found up-to-date module file ../../../Engine/Plugins/Developer/PerforceSourceControl/Binaries/Win64/UE4Editor-PerforceSourceControl.dll (API version 3944462).
LogModuleManager: Display: Found up-to-date module file ../../../Engine/Plugins/Developer/SubversionSourceControl/Binaries/Win64/UE4Editor-SubversionSourceControl.dll (API version 3944462).
LogModuleManager: Display: Found up-to-date module file ../../../Engine/Plugins/Developer/UObjectPlugin/Binaries/Win64/UE4Editor-UObjectPlugin.dll (API version 3944462).
LogModuleManager: Display: Found up-to-date module file ../../../Engine/Plugins/Developer/VisualStudioCodeSourceCodeAccess/Binaries/Win64/UE4Editor-VisualStudioCodeSourceCodeAccess.dll (API version 3944462).
LogModuleManager: Display: Found up-to-date module file ../../../Engine/Plugins/Developer/VisualStudioSourceCodeAccess/Binaries/Win64/UE4Editor-VisualStudioSourceCodeAccess.dll (API version 3944462).
LogModuleManager: Display: Found up-to-date module file ../../../Engine/Plugins/Editor/AssetManagerEditor/Binaries/Win64/UE4Editor-AssetManagerEditor.dll (API version 3944462).
LogModuleManager: Display: Found up-to-date module file ../../../Engine/Plugins/Editor/CryptoKeys/Binaries/Win64/UE4Editor-CryptoKeys.dll (API version 3944462).
LogModuleManager: Display: Found up-to-date module file ../../../Engine/Plugins/Editor/CryptoKeys/Binaries/Win64/UE4Editor-CryptoKeysOpenSSL.dll (API version 3944462).
LogModuleManager: Display: Found up-to-date module file ../../../Engine/Plugins/Editor/DataValidation/Binaries/Win64/UE4Editor-DataValidation.dll (API version 3944462).
LogModuleManager: Display: Found up-to-date module file ../../../Engine/Plugins/Editor/FacialAnimation/Binaries/Win64/UE4Editor-FacialAnimation.dll (API version 3944462).
LogModuleManager: Display: Found up-to-date module file ../../../Engine/Plugins/Editor/FacialAnimation/Binaries/Win64/UE4Editor-FacialAnimationEditor.dll (API version 3944462).
LogModuleManager: Display: Found up-to-date module file ../../../Engine/Plugins/Editor/GameplayTagsEditor/Binaries/Win64/UE4Editor-GameplayTagsEditor.dll (API version 3944462).
LogModuleManager: Display: Found up-to-date module file ../../../Engine/Plugins/Editor/MobileLauncherProfileWizard/Binaries/Win64/UE4Editor-MobileLauncherProfileWizard.dll (API version 3944462).
LogModuleManager: Display: Found up-to-date module file ../../../Engine/Plugins/Editor/PluginBrowser/Binaries/Win64/UE4Editor-PluginBrowser.dll (API version 3944462).
LogModuleManager: Display: Found up-to-date module file ../../../Engine/Plugins/Editor/SpeedTreeImporter/Binaries/Win64/UE4Editor-SpeedTreeImporter.dll (API version 3944462).
LogModuleManager: Display: Found up-to-date module file ../../../Engine/Plugins/Enterprise/DatasmithContent/Binaries/Win64/UE4Editor-DatasmithContent.dll (API version 3944462).
LogModuleManager: Display: Found up-to-date module file ../../../Engine/Plugins/Experimental/AlembicImporter/Binaries/Win64/UE4Editor-AlembicImporter.dll (API version 3944462).
LogModuleManager: Display: Found up-to-date module file ../../../Engine/Plugins/Experimental/AlembicImporter/Binaries/Win64/UE4Editor-AlembicLibrary.dll (API version 3944462).
LogModuleManager: Display: Found up-to-date module file ../../../Engine/Plugins/Experimental/CharacterAI/Binaries/Win64/UE4Editor-CharacterAI.dll (API version 3944462).
LogModuleManager: Display: Found up-to-date module file ../../../Engine/Plugins/Experimental/HTML5Networking/Binaries/Win64/UE4Editor-HTML5Networking.dll (API version 3944462).
LogModuleManager: Display: Found up-to-date module file ../../../Engine/Plugins/Media/AndroidMedia/Binaries/Win64/UE4Editor-AndroidMediaEditor.dll (API version 3944462).
LogModuleManager: Display: Found up-to-date module file ../../../Engine/Plugins/Media/AndroidMedia/Binaries/Win64/UE4Editor-AndroidMediaFactory.dll (API version 3944462).
LogModuleManager: Display: Found up-to-date module file ../../../Engine/Plugins/Media/AvfMedia/Binaries/Win64/UE4Editor-AvfMediaEditor.dll (API version 3944462).
LogModuleManager: Display: Found up-to-date module file ../../../Engine/Plugins/Media/AvfMedia/Binaries/Win64/UE4Editor-AvfMediaFactory.dll (API version 3944462).
LogModuleManager: Display: Found up-to-date module file ../../../Engine/Plugins/Media/AvfMedia/Binaries/Win64/UE4Editor-AvfMediaFactory.dll (API version 3944462).
LogModuleManager: Display: Found up-to-date module file ../../../Engine/Plugins/Media/ImgMedia/Binaries/Win64/UE4Editor-ImgMedia.dll (API version 3944462).
LogModuleManager: Display: Found up-to-date module file ../../../Engine/Plugins/Media/ImgMedia/Binaries/Win64/UE4Editor-ImgMediaEditor.dll (API version 3944462).
LogModuleManager: Display: Found up-to-date module file ../../../Engine/Plugins/Media/ImgMedia/Binaries/Win64/UE4Editor-ImgMediaFactory.dll (API version 3944462).
LogModuleManager: Display: Found up-to-date module file ../../../Engine/Plugins/Media/ImgMedia/Binaries/Win64/UE4Editor-ImgMediaFactory.dll (API version 3944462).
LogModuleManager: Display: Found up-to-date module file ../../../Engine/Plugins/Media/ImgMedia/Binaries/Win64/UE4Editor-OpenExrWrapper.dll (API version 3944462).
LogModuleManager: Display: Found up-to-date module file ../../../Engine/Plugins/Media/LinearTimecode/Binaries/Win64/UE4Editor-LinearTimecode.dll (API version 3944462).
LogModuleManager: Display: Found up-to-date module file ../../../Engine/Plugins/Media/MediaCompositing/Binaries/Win64/UE4Editor-MediaCompositing.dll (API version 3944462).
LogModuleManager: Display: Found up-to-date module file ../../../Engine/Plugins/Media/MediaCompositing/Binaries/Win64/UE4Editor-MediaCompositingEditor.dll (API version 3944462).
LogModuleManager: Display: Found up-to-date module file ../../../Engine/Plugins/Media/MediaPlayerEditor/Binaries/Win64/UE4Editor-MediaPlayerEditor.dll (API version 3944462).
LogModuleManager: Display: Found up-to-date module file ../../../Engine/Plugins/Media/WmfMedia/Binaries/Win64/UE4Editor-WmfMedia.dll (API version 3944462).
LogModuleManager: Display: Found up-to-date module file ../../../Engine/Plugins/Media/WmfMedia/Binaries/Win64/UE4Editor-WmfMediaEditor.dll (API version 3944462).
LogModuleManager: Display: Found up-to-date module file ../../../Engine/Plugins/Media/WmfMedia/Binaries/Win64/UE4Editor-WmfMediaFactory.dll (API version 3944462).
LogModuleManager: Display: Found up-to-date module file ../../../Engine/Plugins/Media/WmfMedia/Binaries/Win64/UE4Editor-WmfMediaFactory.dll (API version 3944462).
LogModuleManager: Display: Found up-to-date module file ../../../Engine/Plugins/Messaging/TcpMessaging/Binaries/Win64/UE4Editor-TcpMessaging.dll (API version 3944462).
LogModuleManager: Display: Found up-to-date module file ../../../Engine/Plugins/Messaging/UdpMessaging/Binaries/Win64/UE4Editor-UdpMessaging.dll (API version 3944462).
LogModuleManager: Display: Found up-to-date module file ../../../Engine/Plugins/MovieScene/ActorSequence/Binaries/Win64/UE4Editor-ActorSequence.dll (API version 3944462).
LogModuleManager: Display: Found up-to-date module file ../../../Engine/Plugins/MovieScene/LevelSequenceEditor/Binaries/Win64/UE4Editor-LevelSequenceEditor.dll (API version 3944462).
LogModuleManager: Display: Found up-to-date module file ../../../Engine/Plugins/MovieScene/MatineeToLevelSequence/Binaries/Win64/UE4Editor-MatineeToLevelSequence.dll (API version 3944462).
LogModuleManager: Display: Found up-to-date module file ../../../Engine/Plugins/NetcodeUnitTest/NetcodeUnitTest/Binaries/Win64/UE4Editor-NetcodeUnitTest.dll (API version 3944462).
LogModuleManager: Display: Found up-to-date module file ../../../Engine/Plugins/NetcodeUnitTest/NUTUnrealEngine4/Binaries/Win64/UE4Editor-NUTUnrealEngine4.dll (API version 3944462).
LogModuleManager: Display: Found up-to-date module file ../../../Engine/Plugins/Online/OnlineSubsystem/Binaries/Win64/UE4Editor-OnlineSubsystem.dll (API version 3944462).
LogModuleManager: Display: Found up-to-date module file ../../../Engine/Plugins/Online/OnlineSubsystemNull/Binaries/Win64/UE4Editor-OnlineSubsystemNull.dll (API version 3944462).
LogModuleManager: Display: Found up-to-date module file ../../../Engine/Plugins/Online/OnlineSubsystemUtils/Binaries/Win64/UE4Editor-OnlineSubsystemUtils.dll (API version 3944462).
LogModuleManager: Display: Found up-to-date module file ../../../Engine/Plugins/Online/OnlineSubsystemUtils/Binaries/Win64/UE4Editor-OnlineBlueprintSupport.dll (API version 3944462).
LogModuleManager: Display: Found up-to-date module file ../../../Engine/Plugins/Runtime/AndroidDeviceProfileSelector/Binaries/Win64/UE4Editor-AndroidDeviceProfileSelector.dll (API version 3944462).
LogModuleManager: Display: Found up-to-date module file ../../../Engine/Plugins/Runtime/AndroidPermission/Binaries/Win64/UE4Editor-AndroidPermission.dll (API version 3944462).
LogModuleManager: Display: Found up-to-date module file ../../../Engine/Plugins/Runtime/AppleARKit/Binaries/Win64/UE4Editor-AppleARKit.dll (API version 3944462).
LogModuleManager: Display: Found up-to-date module file ../../../Engine/Plugins/Runtime/ArchVisCharacter/Binaries/Win64/UE4Editor-ArchVisCharacter.dll (API version 3944462).
LogModuleManager: Display: Found up-to-date module file ../../../Engine/Plugins/Runtime/AudioCapture/Binaries/Win64/UE4Editor-AudioCapture.dll (API version 3944462).
LogModuleManager: Display: Found up-to-date module file ../../../Engine/Plugins/Runtime/AudioCapture/Binaries/Win64/UE4Editor-AudioCaptureEditor.dll (API version 3944462).
LogModuleManager: Display: Found up-to-date module file ../../../Engine/Plugins/Runtime/CableComponent/Binaries/Win64/UE4Editor-CableComponent.dll (API version 3944462).
LogModuleManager: Display: Found up-to-date module file ../../../Engine/Plugins/Runtime/CustomMeshComponent/Binaries/Win64/UE4Editor-CustomMeshComponent.dll (API version 3944462).
LogModuleManager: Display: Found up-to-date module file ../../../Engine/Plugins/Runtime/ExampleDeviceProfileSelector/Binaries/Win64/UE4Editor-ExampleDeviceProfileSelector.dll (API version 3944462).
LogModuleManager: Display: Found up-to-date module file ../../../Engine/Plugins/Runtime/ImmediatePhysics/Binaries/Win64/UE4Editor-ImmediatePhysics.dll (API version 3944462).
LogModuleManager: Display: Found up-to-date module file ../../../Engine/Plugins/Runtime/ImmediatePhysics/Binaries/Win64/UE4Editor-ImmediatePhysicsEditor.dll (API version 3944462).
LogModuleManager: Display: Found up-to-date module file ../../../Engine/Plugins/Runtime/LocationServicesBPLibrary/Binaries/Win64/UE4Editor-LocationServicesBPLibrary.dll (API version 3944462).
LogModuleManager: Display: Found up-to-date module file ../../../Engine/Plugins/Runtime/MobilePatchingUtils/Binaries/Win64/UE4Editor-MobilePatchingUtils.dll (API version 3944462).
LogModuleManager: Display: Found up-to-date module file ../../../Engine/Plugins/Runtime/Oculus/OculusVR/Binaries/Win64/UE4Editor-OculusHMD.dll (API version 3944462).
LogModuleManager: Display: Found up-to-date module file ../../../Engine/Plugins/Runtime/Oculus/OculusVR/Binaries/Win64/UE4Editor-OculusInput.dll (API version 3944462).
LogModuleManager: Display: Found up-to-date module file ../../../Engine/Plugins/Runtime/Oculus/OculusVR/Binaries/Win64/UE4Editor-OculusEditor.dll (API version 3944462).
LogModuleManager: Display: Found up-to-date module file ../../../Engine/Plugins/Runtime/PhysXVehicles/Binaries/Win64/UE4Editor-PhysXVehicles.dll (API version 3944462).
LogModuleManager: Display: Found up-to-date module file ../../../Engine/Plugins/Runtime/PhysXVehicles/Binaries/Win64/UE4Editor-PhysXVehiclesEditor.dll (API version 3944462).
LogModuleManager: Display: Found up-to-date module file ../../../Engine/Plugins/Runtime/ProceduralMeshComponent/Binaries/Win64/UE4Editor-ProceduralMeshComponent.dll (API version 3944462).
LogModuleManager: Display: Found up-to-date module file ../../../Engine/Plugins/Runtime/ProceduralMeshComponent/Binaries/Win64/UE4Editor-ProceduralMeshComponentEditor.dll (API version 3944462).
LogModuleManager: Display: Found up-to-date module file ../../../Engine/Plugins/Runtime/RuntimePhysXCooking/Binaries/Win64/UE4Editor-RuntimePhysXCooking.dll (API version 3944462).
LogModuleManager: Display: Found up-to-date module file ../../../Engine/Plugins/Runtime/Steam/SteamVR/Binaries/Win64/UE4Editor-SteamVR.dll (API version 3944462).
LogModuleManager: Display: Found up-to-date module file ../../../Engine/Plugins/Runtime/Steam/SteamVR/Binaries/Win64/UE4Editor-SteamVRController.dll (API version 3944462).
LogModuleManager: Display: Found up-to-date module file ../../../Engine/Plugins/Runtime/WindowsMoviePlayer/Binaries/Win64/UE4Editor-WindowsMoviePlayer.dll (API version 3944462).
LogInit: Using libcurl 7.47.1
LogInit:  - built for x86_64-pc-win32
LogInit:  - supports SSL with OpenSSL/1.0.2g
LogInit:  - supports HTTP deflate (compression) using libz 1.2.8
LogInit:  - other features:
LogInit:      CURL_VERSION_SSL
LogInit:      CURL_VERSION_LIBZ
LogInit:      CURL_VERSION_IPV6
LogInit:      CURL_VERSION_ASYNCHDNS
LogInit:      CURL_VERSION_LARGEFILE
LogInit:      CURL_VERSION_IDN
LogInit:  CurlRequestOptions (configurable via config and command line):
LogInit:  - bVerifyPeer = false  - Libcurl will NOT verify peer certificate
LogInit:  - bUseHttpProxy = false  - Libcurl will NOT use HTTP proxy
LogInit:  - bDontReuseConnections = false  - Libcurl will reuse connections
LogInit:  - CertBundlePath = nullptr  - Libcurl will use whatever was configured at build time.
LogInit:  - MaxHostConnections = 16  - Libcurl will limit the number of connections to a host
LogInit:  - LocalHostAddr = Default
LogInit: WinSock: version 1.1 (2.2), MaxSocks=32767, MaxUdp=65467
LogInit: WinSock: I am IndiegalaAMD (192.168.178.26:0)
LogInit: Build: ++UE4+Release-4.19-CL-4033788
LogInit: Engine Version: 4.19.2-4033788+++UE4+Release-4.19
LogInit: Compatible Engine Version: 4.19.0-3944462+++UE4+Release-4.19
LogInit: Net CL: 3944462
LogDevObjectVersion: Number of dev versions registered: 18
LogDevObjectVersion:   Dev-Blueprints (B0D832E4-1F89-4F0D-ACCF-7EB736FD4AA2): 10
LogDevObjectVersion:   Dev-Build (E1C64328-A22C-4D53-A36C-8E866417BD8C): 0
LogDevObjectVersion:   Dev-Core (375EC13C-06E4-48FB-B500-84F0262A717E): 2
LogDevObjectVersion:   Dev-Editor (E4B068ED-F494-42E9-A231-DA0B2E46BB41): 23
LogDevObjectVersion:   Dev-Framework (CFFC743F-43B0-4480-9391-14DF171D2073): 33
LogDevObjectVersion:   Dev-Mobile (B02B49B5-BB20-44E9-A304-32B752E40360): 2
LogDevObjectVersion:   Dev-Networking (A4E4105C-59A1-49B5-A7C5-40C4547EDFEE): 0
LogDevObjectVersion:   Dev-Online (39C831C9-5AE6-47DC-9A44-9C173E1C8E7C): 0
LogDevObjectVersion:   Dev-Physics (78F01B33-EBEA-4F98-B9B4-84EACCB95AA2): 0
LogDevObjectVersion:   Dev-Platform (6631380F-2D4D-43E0-8009-CF276956A95A): 0
LogDevObjectVersion:   Dev-Rendering (12F88B9F-8875-4AFC-A67C-D90C383ABD29): 25
LogDevObjectVersion:   Dev-Sequencer (7B5AE74C-D270-4C10-A958-57980B212A5A): 6
LogDevObjectVersion:   Dev-VR (D7296918-1DD6-4BDD-9DE2-64A83CC13884): 1
LogDevObjectVersion:   Dev-LoadTimes (C2A15278-BFE7-4AFE-6C17-90FF531DF755): 1
LogDevObjectVersion:   Private-Geometry (6EACA3D4-40EC-4CC1-B786-8BED09428FC5): 2
LogDevObjectVersion:   Dev-AnimPhys (29E575DD-E0A3-4627-9D10-D276232CDCEA): 16
LogDevObjectVersion:   Dev-ReflectionCapture (6B266CEC-1EC7-4B8F-A30B-E4D90942FC07): 1
LogDevObjectVersion:   Dev-Automation (0DF73D61-A23F-47EA-B727-89E90C41499A): 1
LogInit: Compiled (64-bit): Apr 27 2018 02:06:57
LogInit: Compiled with Visual C++: 19.00.24215.01
LogInit: Build Configuration: Development
LogInit: Branch Name: ++UE4+Release-4.19
LogInit: Command Line:  -skipcompile
LogInit: Base Directory: D:/Program Files/Epic Games/UE_4.19/Engine/Binaries/Win64/
LogInit: Installed Engine Build: 1
LogStreaming: Display: Took  0.001s to delete old logs.
LogInit: Presizing for max 8388607 objects, including 0 objects not considered by GC, pre-allocating 0 bytes for permanent pool.
LogInit: Object subsystem initialized
[2018.06.22-14.51.39:262][  0]LogInit: Selected Device Profile: [Windows]
[2018.06.22-14.51.39:262][  0]LogInit: Applying CVar settings loaded from the selected device profile: [Windows]
[2018.06.22-14.51.39:280][  0]LogInit: Computer: INDIEGALAAMD
[2018.06.22-14.51.39:280][  0]LogInit: User: Indiegala
[2018.06.22-14.51.39:280][  0]LogInit: CPU Page size=4096, Cores=4
[2018.06.22-14.51.39:280][  0]LogInit: High frequency timer resolution =3.919398 MHz
[2018.06.22-14.51.39:280][  0]LogMemory: Memory total: Physical=31.9GB (32GB approx)
[2018.06.22-14.51.39:280][  0]LogMemory: Platform Memory Stats for Windows
[2018.06.22-14.51.39:281][  0]LogMemory: Process Physical Memory: 274.63 MB used, 274.63 MB peak
[2018.06.22-14.51.39:281][  0]LogMemory: Process Virtual Memory: 264.52 MB used, 264.52 MB peak
[2018.06.22-14.51.39:281][  0]LogMemory: Physical Memory: 13009.71 MB used,  19673.78 MB free, 32683.49 MB total
[2018.06.22-14.51.39:281][  0]LogMemory: Virtual Memory: 4789.30 MB used,  19673.78 MB free, 134217728.00 MB total
[2018.06.22-14.51.39:332][  0]LogInit: Using OS detected language (en-GB).
[2018.06.22-14.51.39:332][  0]LogInit: Using OS detected locale (en-GB).
[2018.06.22-14.51.39:336][  0]LogTextLocalizationManager: No specific localization for 'en-GB' exists, so the 'en' localization will be used.
[2018.06.22-14.51.39:892][  0]LogStreaming: Display: Took  0.561s to EndInitTextLocalization.
[2018.06.22-14.51.39:893][  0]LogInit: Setting process to per monitor DPI aware
[2018.06.22-14.51.39:962][  0]LogSlate: New Slate User Created.  User Index 0, Is Virtual User: 0
[2018.06.22-14.51.39:962][  0]LogSlate: Slate User Registered.  User Index 0, Is Virtual User: 0
[2018.06.22-14.51.40:215][  0]LogD3D11RHI: D3D11 adapters:
[2018.06.22-14.51.40:296][  0]LogD3D11RHI:    0. 'NVIDIA GeForce GTX 1070' (Feature Level 11_0)
[2018.06.22-14.51.40:296][  0]LogD3D11RHI:       8096/0/16341 MB DedicatedVideo/DedicatedSystem/SharedSystem, Outputs:2, VendorId:0x10de
[2018.06.22-14.51.40:301][  0]LogD3D11RHI:    1. 'Microsoft Basic Render Driver' (Feature Level 11_0)
[2018.06.22-14.51.40:301][  0]LogD3D11RHI:       0/0/16341 MB DedicatedVideo/DedicatedSystem/SharedSystem, Outputs:0, VendorId:0x1414
[2018.06.22-14.51.40:301][  0]LogD3D11RHI: Chosen D3D11 Adapter: 0
[2018.06.22-14.51.40:311][  0]LogD3D11RHI: Creating new Direct3DDevice
[2018.06.22-14.51.40:311][  0]LogD3D11RHI:     GPU DeviceId: 0x1b81 (for the marketing name, search the web for "GPU Device Id")
[2018.06.22-14.51.40:311][  0]LogWindows: EnumDisplayDevices:
[2018.06.22-14.51.40:312][  0]LogWindows:    0. 'NVIDIA GeForce GTX 1070' (P:1 D:1)
[2018.06.22-14.51.40:312][  0]LogWindows:    1. 'NVIDIA GeForce GTX 1070' (P:0 D:1)
[2018.06.22-14.51.40:312][  0]LogWindows:    2. 'NVIDIA GeForce GTX 1070' (P:0 D:0)
[2018.06.22-14.51.40:312][  0]LogWindows:    3. 'NVIDIA GeForce GTX 1070' (P:0 D:0)
[2018.06.22-14.51.40:312][  0]LogWindows: DebugString: GetVideoDriverDetailsInvalid PrimaryIsNotTheChoosenAdapter GetVideoDriverDetailsInvalid PrimaryIsNotTheChoosenAdapter GetVideoDriverDetailsInvalid PrimaryIsNotTheChoosenAdapter GetVideoDriverDetailsInvalid PrimaryIsNotTheChoosenAdapter FoundDriverCount:0 
[2018.06.22-14.51.40:313][  0]LogD3D11RHI:     Adapter Name: NVIDIA GeForce GTX 1070
[2018.06.22-14.51.40:313][  0]LogD3D11RHI:   Driver Version: Unknown (internal:Unknown, unified:Unknown)
[2018.06.22-14.51.40:313][  0]LogD3D11RHI:      Driver Date: Unknown
[2018.06.22-14.51.40:313][  0]LogRHI: Texture pool is 5667 MB (70% of 8096 MB)
[2018.06.22-14.51.40:356][  0]LogD3D11RHI: [Aftermath] Aftermath enabled and primed
[2018.06.22-14.51.40:356][  0]LogD3D11RHI: [Aftermath] Aftermath enabled and primed
[2018.06.22-14.51.40:356][  0]LogD3D11RHI: Async texture creation enabled
[2018.06.22-14.51.40:369][  0]LogD3D11RHI: GPU Timing Frequency: 1000.000000 (Debug: 2 1)
[2018.06.22-14.51.40:421][  0]LogShaderCompilers: Guid format shader working directory is -13 characters bigger than the processId version (C:/Stuff/ProceduralMehses/ProceduralMeshesUE4/ProceduralMeshes/Intermediate/Shaders/WorkingDirectory/16056/).
[2018.06.22-14.51.40:421][  0]LogShaderCompilers: Cleaned the shader compiler working directory 'C:/Users/Indiegala/AppData/Local/Temp/UnrealShaderWorkingDir/BD0EA0284F9FD9D0CCE863850F8FA80F/'.
[2018.06.22-14.51.40:668][  0]LogTemp: Display: Loaded TP AllDesktopTargetPlatform
[2018.06.22-14.51.40:691][  0]LogTemp: Display: Loaded TP MacClientTargetPlatform
[2018.06.22-14.51.40:713][  0]LogTemp: Display: Loaded TP MacNoEditorTargetPlatform
[2018.06.22-14.51.40:735][  0]LogTemp: Display: Loaded TP MacServerTargetPlatform
[2018.06.22-14.51.40:757][  0]LogTemp: Display: Loaded TP MacTargetPlatform
[2018.06.22-14.51.40:779][  0]LogTemp: Display: Loaded TP WindowsClientTargetPlatform
[2018.06.22-14.51.40:801][  0]LogTemp: Display: Loaded TP WindowsNoEditorTargetPlatform
[2018.06.22-14.51.40:825][  0]LogTemp: Display: Loaded TP WindowsServerTargetPlatform
[2018.06.22-14.51.40:836][  0]LogTemp: Display: Loaded TP WindowsTargetPlatform
[2018.06.22-14.51.40:857][  0]LogTemp: Display: Loaded TP Android_ASTCTargetPlatform
[2018.06.22-14.51.40:878][  0]LogTemp: Display: Loaded TP Android_ATCTargetPlatform
[2018.06.22-14.51.40:898][  0]LogTemp: Display: Loaded TP Android_DXTTargetPlatform
[2018.06.22-14.51.40:918][  0]LogTemp: Display: Loaded TP Android_ETC1aTargetPlatform
[2018.06.22-14.51.40:938][  0]LogTemp: Display: Loaded TP Android_ETC1TargetPlatform
[2018.06.22-14.51.40:958][  0]LogTemp: Display: Loaded TP Android_ETC2TargetPlatform
[2018.06.22-14.51.40:998][  0]LogTemp: Display: Loaded TP Android_MultiTargetPlatform
[2018.06.22-14.51.40:998][  0]LogTemp: Display: Loaded TP Android_PVRTCTargetPlatform
[2018.06.22-14.51.41:018][  0]LogTemp: Display: Loaded TP AndroidTargetPlatform
[2018.06.22-14.51.41:021][  0]LogTemp: Display: Loaded TP HTML5TargetPlatform
[2018.06.22-14.51.41:072][  0]LogTemp: Display: Loaded TP IOSTargetPlatform
[2018.06.22-14.51.41:094][  0]LogTemp: Display: Loaded TP TVOSTargetPlatform
[2018.06.22-14.51.41:115][  0]LogTemp: Display: Loaded TP LinuxClientTargetPlatform
[2018.06.22-14.51.41:137][  0]LogTemp: Display: Loaded TP LinuxNoEditorTargetPlatform
[2018.06.22-14.51.41:158][  0]LogTemp: Display: Loaded TP LinuxServerTargetPlatform
[2018.06.22-14.51.41:180][  0]LogTemp: Display: Loaded TP LinuxTargetPlatform
[2018.06.22-14.51.41:181][  0]LogTargetPlatformManager: Display: Building Assets For Windows
[2018.06.22-14.51.41:386][  0]LogShaderCompilers: Display: Using XGE Shader Compiler (Interception Interface).
[2018.06.22-14.51.42:428][  0]LogDerivedDataCache: Display: Max Cache Size: 512 MB
[2018.06.22-14.51.42:549][  0]LogDerivedDataCache: Loaded boot cache 0.12s 74MB C:/Users/Indiegala/AppData/Local/UnrealEngine/4.19/DerivedDataCache/Boot.ddc.
[2018.06.22-14.51.42:549][  0]LogDerivedDataCache: Display: Loaded Boot cache: C:/Users/Indiegala/AppData/Local/UnrealEngine/4.19/DerivedDataCache/Boot.ddc
[2018.06.22-14.51.42:549][  0]LogDerivedDataCache: FDerivedDataBackendGraph:  Pak pak cache file C:/Stuff/ProceduralMehses/ProceduralMeshesUE4/ProceduralMeshes/DerivedDataCache/DDC.ddp not found, will not use a pak cache.
[2018.06.22-14.51.42:549][  0]LogDerivedDataCache: Unable to find inner node Pak for hierarchical cache Hierarchy.
[2018.06.22-14.51.42:550][  0]LogDerivedDataCache: FDerivedDataBackendGraph:  CompressedPak pak cache file C:/Stuff/ProceduralMehses/ProceduralMeshesUE4/ProceduralMeshes/DerivedDataCache/Compressed.ddp not found, will not use a pak cache.
[2018.06.22-14.51.42:550][  0]LogDerivedDataCache: Unable to find inner node CompressedPak for hierarchical cache Hierarchy.
[2018.06.22-14.51.42:570][  0]LogDerivedDataCache: Display: Pak cache opened for reading ../../../Engine/DerivedDataCache/Compressed.ddp.
[2018.06.22-14.51.42:584][  0]LogDerivedDataCache: Using Local data cache path C:/Users/Indiegala/AppData/Local/UnrealEngine/Common/DerivedDataCache: Writable
[2018.06.22-14.51.42:584][  0]LogDerivedDataCache: Shared data cache path not found in *engine.ini, will not use an Shared cache.
[2018.06.22-14.51.42:584][  0]LogDerivedDataCache: Unable to find inner node Shared for hierarchical cache Hierarchy.
[2018.06.22-14.51.42:603][  0]LogMaterial: Verifying Global Shaders for PCD3D_SM5
[2018.06.22-14.51.42:604][  0]LogSlate: Using Freetype 2.6.0
[2018.06.22-14.51.42:605][  0]LogSlate: SlateFontCache - WITH_FREETYPE: 1, WITH_HARFBUZZ: 1
[2018.06.22-14.51.42:605][  0]LogSlate: SlateFontCache - WITH_FREETYPE: 1, WITH_HARFBUZZ: 1
[2018.06.22-14.51.42:754][  0]LogAssetRegistry: FAssetRegistry took 0.0305 seconds to start up
[2018.06.22-14.51.43:239][  0]LogInit: Selected Device Profile: [Windows]
[2018.06.22-14.51.43:456][  0]LogSimplygon: Simplygon DLL not present - disabling.
[2018.06.22-14.51.43:462][  0]LogMeshReduction: Using SimplygonSwarm for distributed automatic mesh merging
[2018.06.22-14.51.43:462][  0]LogMeshReduction: Using QuadricMeshReduction for automatic static mesh reduction
[2018.06.22-14.51.43:462][  0]LogMeshReduction: No automatic skeletal mesh reduction module available
[2018.06.22-14.51.43:463][  0]LogMeshReduction: No automatic mesh merging module available
[2018.06.22-14.51.43:463][  0]LogMeshMerging: No automatic mesh merging module available
[2018.06.22-14.51.43:511][  0]LogNetVersion: ProceduralMeshes , NetCL: 3944462, EngineNetVer: 2, GameNetVer: 0 (Checksum: 3680305985)
[2018.06.22-14.51.44:131][  0]LogPackageLocalizationCache: Processed 9 localized package path(s) for 2 prioritized culture(s) in 0.103378 seconds
[2018.06.22-14.51.44:139][  0]LogUObjectArray: 36728 objects as part of root set at end of initial load.
[2018.06.22-14.51.44:139][  0]LogUObjectAllocator: 7314304 out of 0 bytes used by permanent object pool.
[2018.06.22-14.51.44:139][  0]LogUObjectArray: CloseDisregardForGC: 0/0 objects in disregard for GC pool
[2018.06.22-14.51.46:287][  0]LogTcpMessaging: Initializing TcpMessaging bridge
[2018.06.22-14.51.46:324][  0]LogUdpMessaging: Initializing bridge on interface 0.0.0.0:0 to multicast group 230.0.0.1:6666.
[2018.06.22-14.51.46:812][  0]SourceControl: Source control is disabled
[2018.06.22-14.51.46:812][  0]SourceControl: Source control is disabled
[2018.06.22-14.51.46:837][  0]SourceControl: Source control is disabled
[2018.06.22-14.51.46:861][  0]SourceControl: Source control is disabled
[2018.06.22-14.51.47:488][  0]LogAndroidPermission: UAndroidPermissionCallbackProxy::GetInstance
[2018.06.22-14.51.47:717][  0]LogOcInput: OculusInput pre-init called
[2018.06.22-14.51.47:859][  0]LogEngine: Initializing Engine...
[2018.06.22-14.51.47:861][  0]LogHMD: Failed to initialize OpenVR with code 110
[2018.06.22-14.51.47:863][  0]LogStats: UGameplayTagsManager::ConstructGameplayTagTree: Construct from data asset -  0.000 s
[2018.06.22-14.51.47:863][  0]LogStats: UGameplayTagsManager::ConstructGameplayTagTree: GameplayTagTreeChangedEvent.Broadcast -  0.000 s
[2018.06.22-14.51.48:174][  0]LogAIModule: Creating AISystem for world Untitled
[2018.06.22-14.51.48:251][  0]LogInit: XAudio2 using 'Headphones (High Definition Audio Device)' : 2 channels at 48 kHz using 16 bits per sample (channel mask 0x3)
[2018.06.22-14.51.48:271][  0]LogInit: FAudioDevice initialized.
[2018.06.22-14.51.48:375][  0]LogDerivedDataCache: Saved boot cache 0.10s 74MB C:/Users/Indiegala/AppData/Local/UnrealEngine/4.19/DerivedDataCache/Boot.ddc.
[2018.06.22-14.51.48:402][  0]LogInit: Texture streaming: Enabled
[2018.06.22-14.51.48:431][  0]LogEngineSessionManager: EngineSessionManager initialized
[2018.06.22-14.51.48:449][  0]LogInit: Transaction tracking system initialized
[2018.06.22-14.51.48:493][  0]BlueprintLog: New page: Editor Load
[2018.06.22-14.51.48:625][  0]LocalizationService: Localization service is disabled
[2018.06.22-14.51.48:785][  0]LogConsoleResponse: Display: 
[2018.06.22-14.51.48:983][  0]LogCook: Display: Max memory allowance for cook 16384mb min free memory 0mb
[2018.06.22-14.51.48:983][  0]LogCook: Display: Mobile HDR setting 1
[2018.06.22-14.51.48:984][  0]LogFileCache: Scanning file cache for directory 'C:/Stuff/ProceduralMehses/ProceduralMeshesUE4/ProceduralMeshes/Content/' took 0.01s
[2018.06.22-14.51.48:984][  0]LogGameplayTags: Display: UGameplayTagsManager::DoneAddingNativeTags. DelegateIsBound: 0
[2018.06.22-14.51.48:984][  0]LogStats: UGameplayTagsManager::ConstructGameplayTagTree: Construct from data asset -  0.000 s
[2018.06.22-14.51.48:984][  0]LogStats: UGameplayTagsManager::ConstructGameplayTagTree: GameplayTagTreeChangedEvent.Broadcast -  0.000 s
[2018.06.22-14.51.49:497][  0]SourceControl: Source control is disabled
[2018.06.22-14.51.49:498][  0]Cmd: MAP LOAD FILE="../../../Engine/Content/Maps/Templates/Template_Default.umap" TEMPLATE=1 SHOWPROGRESS=1 FEATURELEVEL=3
[2018.06.22-14.51.49:498][  0]LightingResults: New page: Lighting Build
[2018.06.22-14.51.49:502][  0]MapCheck: New page: Map Check
[2018.06.22-14.51.49:502][  0]LightingResults: New page: Lighting Build
[2018.06.22-14.51.49:807][  0]LogAIModule: Creating AISystem for world Untitled_1
[2018.06.22-14.51.49:822][  0]LogEditorServer: Finished looking for orphan Actors (0.000 secs)
[2018.06.22-14.51.49:844][  0]Cmd: MAP CHECKDEP NOCLEARLOG
[2018.06.22-14.51.49:909][  0]MapCheck: Map check complete: 0 Error(s), 0 Warning(s), took 64.706ms to complete.
[2018.06.22-14.51.49:909][  0]LogFileHelpers: Loading map 'Template_Default' took 0.411
[2018.06.22-14.51.50:110][  0]LogCollectionManager: Loaded 0 collections in 0.002169 seconds
[2018.06.22-14.51.50:169][  0]LogFileCache: Scanning file cache for directory 'C:/Stuff/ProceduralMehses/ProceduralMeshesUE4/ProceduralMeshes/Saved/Collections/' took 0.01s
[2018.06.22-14.51.50:169][  0]LogFileCache: Scanning file cache for directory 'C:/Stuff/ProceduralMehses/ProceduralMeshesUE4/ProceduralMeshes/Content/Developers/Indiegala/Collections/' took 0.01s
[2018.06.22-14.51.50:169][  0]LogFileCache: Scanning file cache for directory 'C:/Stuff/ProceduralMehses/ProceduralMeshesUE4/ProceduralMeshes/Content/Collections/' took 0.01s
[2018.06.22-14.51.50:170][  0]LogCollectionManager: Rebuilt the GUID cache for 0 collections in 0.000001 seconds
[2018.06.22-14.51.50:185][  0]LogContentBrowser: Native class hierarchy populated in 0.0154 seconds. Added 2454 classes and 560 folders.
[2018.06.22-14.51.50:194][  0]LogContentBrowser: Native class hierarchy updated for 'WidgetCarousel' in 0.0007 seconds. Added 0 classes and 0 folders.
[2018.06.22-14.51.50:249][  0]LogContentBrowser: Native class hierarchy updated for 'AddContentDialog' in 0.0007 seconds. Added 0 classes and 0 folders.
[2018.06.22-14.51.50:259][  0]LogContentBrowser: Native class hierarchy updated for 'SceneOutliner' in 0.0008 seconds. Added 1 classes and 2 folders.
[2018.06.22-14.51.50:284][  0]LogSlate: Took 0.000310 seconds to synchronously load lazily loaded font '../../../Engine/Content/Slate/Fonts/Roboto-Regular.ttf' (155K)
[2018.06.22-14.51.50:288][  0]LogSlate: Took 0.000331 seconds to synchronously load lazily loaded font '../../../Engine/Content/Slate/Fonts/Roboto-Bold.ttf' (160K)
[2018.06.22-14.51.50:296][  0]LogSlate: Took 0.000412 seconds to synchronously load lazily loaded font '../../../Engine/Content/Editor/Slate/Fonts/FontAwesome.ttf' (139K)
[2018.06.22-14.51.50:430][  0]LogRenderer: Reallocating scene render targets to support 1208x536 Format 10 NumSamples 1 (Frame:1).
[2018.06.22-14.51.50:641][  0]LogContentBrowser: Native class hierarchy updated for 'HierarchicalLODOutliner' in 0.0008 seconds. Added 0 classes and 0 folders.
[2018.06.22-14.51.50:641][  0]LogLoad: (Engine Initialization) Total time: 15.26 seconds
[2018.06.22-14.51.50:641][  0]LogLoad: (Engine Initialization) Total Blueprint compile time: 0.00 seconds
[2018.06.22-14.51.50:650][  0]LogWindowsTextInputMethodSystem: Display: IME system now deactivated.
[2018.06.22-14.51.50:672][  0]LogContentStreaming: Texture pool size now 1000 MB
[2018.06.22-14.51.50:758][  1]LogRenderer: Reallocating scene render targets to support 1208x552 Format 10 NumSamples 1 (Frame:2).
[2018.06.22-14.51.50:774][  1]LogAssetRegistry: Asset discovery search completed in 8.0449 seconds
[2018.06.22-14.51.50:777][  1]LogCollectionManager: Rebuilt the object cache for 0 collections in 0.000001 seconds (found 0 objects)
[2018.06.22-14.51.50:777][  1]LogCollectionManager: Fixed up redirectors for 0 collections in 0.000162 seconds (updated 0 objects)
[2018.06.22-14.51.54:757][432]LogSlate: Took 0.000218 seconds to synchronously load lazily loaded font '../../../Engine/Content/Slate/Fonts/Roboto-Light.ttf' (167K)
[2018.06.22-14.51.54:885][447]LogSlate: FSceneViewport::OnFocusLost() reason 0
[2018.06.22-14.51.58:834][889]LogSlate: FSceneViewport::OnFocusLost() reason 0
[2018.06.22-14.52.00:121][ 41]LogUObjectGlobals: Created PersistentFrame Addr=0x000001c6e9cc4630, Size=4, Default__BP_ProceduralMeshActor_C Function /Game/BP_ProceduralMeshActor.BP_ProceduralMeshActor_C:ExecuteUbergraph_BP_ProceduralMeshActor
[2018.06.22-14.52.00:123][ 41]LogUObjectGlobals: Destroyed PersistentFrame Addr=0x000001c6e9cc4630, Size=4
[2018.06.22-14.52.00:124][ 41]LogUObjectGlobals: Created PersistentFrame Addr=0x000001c6e9cc4630, Size=4, Default__BP_ProceduralMeshActor_C Function /Engine/Transient.REINST_BP_ProceduralMeshActor_C_5:ExecuteUbergraph_BP_ProceduralMeshActor
[2018.06.22-14.52.00:125][ 41]LogUObjectGlobals: Created PersistentFrame Addr=0x000001c6e9cc5830, Size=4, Default__BP_ProceduralMeshActor_C Function /Game/BP_ProceduralMeshActor.BP_ProceduralMeshActor_C:ExecuteUbergraph_BP_ProceduralMeshActor
[2018.06.22-14.52.00:147][ 41]LogSlate: Took 0.000354 seconds to synchronously load lazily loaded font '../../../Engine/Content/Slate/Fonts/Roboto-Light.ttf' (167K)
[2018.06.22-14.52.00:543][ 41]LogContentBrowser: Native class hierarchy updated for 'BlueprintGraph' in 0.0014 seconds. Added 116 classes and 0 folders.
[2018.06.22-14.52.00:952][ 41]LogUObjectGlobals: Created PersistentFrame Addr=0x000001c689c34608, Size=4, Default__SKEL_PROTO_BP_AnimBlueprint_0_C Function /Engine/Transient.SKEL_PROTO_BP_AnimBlueprint_0_C:ExecuteUbergraph_PROTO_BP_AnimBlueprint_0
[2018.06.22-14.52.00:953][ 41]LogUObjectGlobals: Created PersistentFrame Addr=0x000001c689c34600, Size=4, Default__PROTO_BP_AnimBlueprint_0_C Function /Engine/Transient.PROTO_BP_AnimBlueprint_0_C:ExecuteUbergraph_PROTO_BP_AnimBlueprint_0
[2018.06.22-14.52.01:529][ 41]LogSlate: Took 0.000357 seconds to synchronously load lazily loaded font '../../../Engine/Content/Slate/Fonts/Roboto-BoldCondensed.ttf' (158K)
[2018.06.22-14.52.01:592][ 42]LogSlate: Took 0.000361 seconds to synchronously load lazily loaded font '../../../Engine/Content/Slate/Fonts/Roboto-Italic.ttf' (157K)
[2018.06.22-14.52.04:033][224]LogSlate: Window 'BP_ProceduralMeshActor' being destroyed
[2018.06.22-14.52.08:862][725]LogSlate: FSceneViewport::OnFocusLost() reason 0
[2018.06.22-14.52.08:906][730]LogTemp: Repeating last play command: Selected Viewport
[2018.06.22-14.52.08:927][730]LogPlayLevel: PlayLevel: No blueprints needed recompiling
[2018.06.22-14.52.08:927][730]PIE: New page: PIE session: Untitled_1 (22 Jun 2018 18:52:08)
[2018.06.22-14.52.08:927][730]LogPlayLevel: Creating play world package: /Temp/UEDPIE_0_Untitled_1
[2018.06.22-14.52.08:930][730]LogPlayLevel: PIE: StaticDuplicateObject took: (0.002690s)
[2018.06.22-14.52.08:932][730]LogAIModule: Creating AISystem for world Untitled_1
[2018.06.22-14.52.08:932][730]LogPlayLevel: PIE: World Init took: (0.001570s)
[2018.06.22-14.52.08:932][730]LogPlayLevel: PIE: Created PIE world by copying editor world from /Temp/Untitled_1.Untitled_1 to /Temp/UEDPIE_0_Untitled_1.Untitled_1 (0.005004s)
[2018.06.22-14.52.08:990][730]LogUObjectGlobals: Destroyed PersistentFrame Addr=0x000001c6e9cc4630, Size=4
[2018.06.22-14.52.09:003][730]LogInit: XAudio2 using 'Headphones (High Definition Audio Device)' : 2 channels at 48 kHz using 16 bits per sample (channel mask 0x3)
[2018.06.22-14.52.09:015][730]LogInit: FAudioDevice initialized.
[2018.06.22-14.52.09:070][730]LogLoad: Game class is 'GameModeBase'
[2018.06.22-14.52.09:072][730]LogWorld: Bringing World /Temp/UEDPIE_0_Untitled_1.Untitled_1 up for play (max tick rate 0) at 2018.06.22-16.52.09
[2018.06.22-14.52.09:073][730]LogWorld: Bringing up level for play took: 0.000856
[2018.06.22-14.52.09:077][730]LogContentBrowser: Native class hierarchy updated for 'MovieSceneCapture' in 0.0008 seconds. Added 11 classes and 0 folders.
[2018.06.22-14.52.09:079][730]PIE: Play in editor start time for /Temp/UEDPIE_0_Untitled_1 -0.375
[2018.06.22-14.52.56:802][233]LogSlate: FSceneViewport::OnFocusLost() reason 0
[2018.06.22-14.52.56:877][242]LogTemp: Repeating last play command: Selected Viewport
[2018.06.22-14.52.56:897][242]LogPlayLevel: PlayLevel: No blueprints needed recompiling
[2018.06.22-14.52.56:898][242]PIE: New page: PIE session: Untitled_1 (22 Jun 2018 18:52:56)
[2018.06.22-14.52.56:898][242]LogPlayLevel: Creating play world package: /Temp/UEDPIE_0_Untitled_1
[2018.06.22-14.52.56:901][242]LogPlayLevel: PIE: StaticDuplicateObject took: (0.002792s)
[2018.06.22-14.52.56:902][242]LogAIModule: Creating AISystem for world Untitled_1
[2018.06.22-14.52.56:903][242]LogPlayLevel: PIE: World Init took: (0.001453s)
[2018.06.22-14.52.56:903][242]LogPlayLevel: PIE: Created PIE world by copying editor world from /Temp/Untitled_1.Untitled_1 to /Temp/UEDPIE_0_Untitled_1.Untitled_1 (0.004853s)
[2018.06.22-14.52.56:962][242]LogInit: XAudio2 using 'Headphones (High Definition Audio Device)' : 2 channels at 48 kHz using 16 bits per sample (channel mask 0x3)
[2018.06.22-14.52.56:974][242]LogInit: FAudioDevice initialized.
[2018.06.22-14.52.57:012][242]LogLoad: Game class is 'GameModeBase'
[2018.06.22-14.52.57:014][242]LogWorld: Bringing World /Temp/UEDPIE_0_Untitled_1.Untitled_1 up for play (max tick rate 0) at 2018.06.22-16.52.57
[2018.06.22-14.52.57:014][242]LogWorld: Bringing up level for play took: 0.000969
[2018.06.22-14.52.57:016][242]PIE: Play in editor start time for /Temp/UEDPIE_0_Untitled_1 -0.439
